<?xml version="1.0" encoding="UTF-8"?>
<!-- Generated by org.testng.reporters.JUnitXMLReporter -->
<testsuite hostname="DESKTOP-4R4IFSQ" ignored="0" name="Default test" tests="3" failures="0" timestamp="2020-06-17T19:41:30 IST" time="2.195" errors="0">
  <testcase name="test1" time="0.01" classname="testngPractice.ExcelDataProvider"/>
  <testcase name="test1" time="0.004" classname="testngPractice.ExcelDataProvider"/>
  <testcase name="test1" time="0.008" classname="testngPractice.ExcelDataProvider"/>
</testsuite> <!-- Default test -->
