<?xml version="1.0" encoding="UTF-8"?>
<!-- Generated by org.testng.reporters.JUnitXMLReporter -->
<testsuite hostname="DESKTOP-4R4IFSQ" ignored="0" name="Default test" tests="3" failures="0" timestamp="2020-06-16T16:25:51 IST" time="1.006" errors="0">
  <testcase name="test1" time="0.009" classname="testngPractice.ExcelDataProvider"/>
  <testcase name="test1" time="0.003" classname="testngPractice.ExcelDataProvider"/>
  <testcase name="test1" time="0.012" classname="testngPractice.ExcelDataProvider"/>
</testsuite> <!-- Default test -->
