<?xml version="1.0" encoding="UTF-8"?>
<testng-results skipped="0" failed="0" ignored="0" total="3" passed="3">
  <reporter-output>
  </reporter-output>
  <suite name="Default suite" duration-ms="2195" started-at="2020-06-17T19:41:27 IST" finished-at="2020-06-17T19:41:29 IST">
    <groups>
    </groups>
    <test name="Default test" duration-ms="2195" started-at="2020-06-17T19:41:27 IST" finished-at="2020-06-17T19:41:29 IST">
      <class name="testngPractice.ExcelDataProvider">
        <test-method status="PASS" signature="test1(java.lang.String, java.lang.String)[pri:0, instance:testngPractice.ExcelDataProvider@701fc37a]" name="test1" duration-ms="10" started-at="2020-06-17T19:41:29 IST" data-provider="testdata" finished-at="2020-06-17T19:41:29 IST">
          <params>
            <param index="0">
              <value>
                <![CDATA[Username]]>
              </value>
            </param>
            <param index="1">
              <value>
                <![CDATA[Password]]>
              </value>
            </param>
          </params>
          <reporter-output>
          </reporter-output>
        </test-method> <!-- test1 -->
        <test-method status="PASS" signature="test1(java.lang.String, java.lang.String)[pri:0, instance:testngPractice.ExcelDataProvider@701fc37a]" name="test1" duration-ms="4" started-at="2020-06-17T19:41:29 IST" data-provider="testdata" finished-at="2020-06-17T19:41:29 IST">
          <params>
            <param index="0">
              <value>
                <![CDATA[Admin1]]>
              </value>
            </param>
            <param index="1">
              <value>
                <![CDATA[admin123]]>
              </value>
            </param>
          </params>
          <reporter-output>
          </reporter-output>
        </test-method> <!-- test1 -->
        <test-method status="PASS" signature="test1(java.lang.String, java.lang.String)[pri:0, instance:testngPractice.ExcelDataProvider@701fc37a]" name="test1" duration-ms="8" started-at="2020-06-17T19:41:29 IST" data-provider="testdata" finished-at="2020-06-17T19:41:29 IST">
          <params>
            <param index="0">
              <value>
                <![CDATA[admin2]]>
              </value>
            </param>
            <param index="1">
              <value>
                <![CDATA[admin908]]>
              </value>
            </param>
          </params>
          <reporter-output>
          </reporter-output>
        </test-method> <!-- test1 -->
      </class> <!-- testngPractice.ExcelDataProvider -->
    </test> <!-- Default test -->
  </suite> <!-- Default suite -->
</testng-results>
